<?xml version="1.0" encoding="UTF-8"?>
<!-- Generated by org.testng.reporters.JUnitReportReporter -->
<testsuite hostname="SushmithaLENOVO" failures="0" tests="1" name="com.demowebshop.LoginTest" time="18.514" errors="0" timestamp="2024-02-22T09:45:47 IST" skipped="0">
  <testcase classname="com.demowebshop.LoginTest" name="TC_Login_001" time="18.514"/>
  <system-out/>
</testsuite> <!-- com.demowebshop.LoginTest -->
