<?xml version="1.0" encoding="UTF-8"?>
<!-- Generated by org.testng.reporters.JUnitReportReporter -->
<testsuite hostname="SushmithaLENOVO" failures="0" tests="1" name="com.demowebshop.RegisterTest" time="0.000" errors="0" timestamp="2024-02-22T09:46:02 IST" skipped="1">
  <testcase classname="com.demowebshop.RegisterTest" name="TC_Register_001" time="0.000">
    <skipped/>
  </testcase> <!-- TC_Register_001 -->
  <system-out/>
</testsuite> <!-- com.demowebshop.RegisterTest -->
