<?xml version="1.0" encoding="UTF-8"?>
<!-- Generated by org.testng.reporters.JUnitReportReporter -->
<testsuite hostname="SushmithaLENOVO" failures="0" tests="1" name="com.demowebshop.AddToCartTest" time="13.225" errors="0" timestamp="2024-02-22T21:47:46 IST" skipped="0">
  <testcase classname="com.demowebshop.AddToCartTest" name="TC_ShoppingCart_001" time="13.225"/>
  <system-out/>
</testsuite> <!-- com.demowebshop.AddToCartTest -->
